<?xml version="1.0" encoding="UTF-8"?>
<!-- Generated by org.testng.reporters.JUnitXMLReporter -->
<testsuite hostname="LTB0215499-Mac.local" ignored="0" name="Git Trending_Test" tests="5" failures="0" timestamp="2020-07-19T16:47:48 IST" time="29.845" errors="0">
  <testcase name="expandAndStoreThirdItem" time="3.248" classname="tests.GitTrendingTests"/>
  <testcase name="collapseThirdItem" time="0.357" classname="tests.GitTrendingTests"/>
  <testcase name="verifyElementGotCollapsed" time="8.174" classname="tests.GitTrendingTests"/>
  <testcase name="verifyRepoLanguageInPython" time="12.521" classname="tests.GitTrendingTests"/>
  <testcase name="printThirdRepoElements" time="0.001" classname="tests.GitTrendingTests"/>
</testsuite> <!-- Git Trending_Test -->
